[    0.000000] Linux version 4.15.0-213-generic (buildd@lcy02-amd64-079) (gcc version 7.5.0 (Ubuntu 7.5.0-3ubuntu1~18.04)) #224-Ubuntu SMP Mon Jun 19 13:30:12 UTC 2023 (Ubuntu 4.15.0-213.224-generic 4.15.18)
[    0.000000] Command line: BOOT_IMAGE=/boot/vmlinuz-4.15.0-213-generic root=UUID=f685bb41-0e3b-40c4-89c1-eea0f0583525 ro console=tty1 console=ttyS0
[    0.000000] KERNEL supported cpus:
[    0.000000]   Intel GenuineIntel
[    0.000000]   AMD AuthenticAMD
[    0.000000]   Centaur CentaurHauls
[    0.000000] x86/fpu: Supporting XSAVE feature 0x001: 'x87 floating point registers'
[    0.000000] x86/fpu: Supporting XSAVE feature 0x002: 'SSE registers'
[    0.000000] x86/fpu: Supporting XSAVE feature 0x004: 'AVX registers'
[    0.000000] x86/fpu: xstate_offset[2]:  576, xstate_sizes[2]:  256
[    0.000000] x86/fpu: Enabled xstate features 0x7, context size is 832 bytes, using 'standard' format.
[    0.000000] e820: BIOS-provided physical RAM map:
[    0.000000] BIOS-e820: [mem 0x0000000000000000-0x000000000009fbff] usable
[    0.000000] BIOS-e820: [mem 0x000000000009fc00-0x000000000009ffff] reserved
[    0.000000] BIOS-e820: [mem 0x00000000000f0000-0x00000000000fffff] reserved
[    0.000000] BIOS-e820: [mem 0x0000000000100000-0x000000001ffeffff] usable
[    0.000000] BIOS-e820: [mem 0x000000001fff0000-0x000000001fffffff] ACPI data
[    0.000000] BIOS-e820: [mem 0x00000000fec00000-0x00000000fec00fff] reserved
[    0.000000] BIOS-e820: [mem 0x00000000fee00000-0x00000000fee00fff] reserved
[    0.000000] BIOS-e820: [mem 0x00000000fffc0000-0x00000000ffffffff] reserved
[    0.000000] NX (Execute Disable) protection: active
[    0.000000] SMBIOS 2.5 present.
[    0.000000] DMI: innotek GmbH VirtualBox/VirtualBox, BIOS VirtualBox 12/01/2006
[    0.000000] Hypervisor detected: KVM
[    0.000000] e820: last_pfn = 0x1fff0 max_arch_pfn = 0x400000000
[    0.000000] MTRR: Disabled
[    0.000000] x86/PAT: MTRRs disabled, skipping PAT initialization too.
[    0.000000] CPU MTRRs all blank - virtualized system.
[    0.000000] x86/PAT: Configuration [0-7]: WB  WT  UC- UC  WB  WT  UC- UC  
[    0.000000] found SMP MP-table at [mem 0x0009fff0-0x0009ffff]
[    0.000000] Scanning 1 areas for low memory corruption
[    0.000000] RAMDISK: [mem 0x1daca000-0x1eeb4fff]
[    0.000000] ACPI: Early table checksum verification disabled
[    0.000000] ACPI: RSDP 0x00000000000E0000 000024 (v02 VBOX  )
[    0.000000] ACPI: XSDT 0x000000001FFF0030 00003C (v01 VBOX   VBOXXSDT 00000001 ASL  00000061)
[    0.000000] ACPI: FACP 0x000000001FFF00F0 0000F4 (v04 VBOX   VBOXFACP 00000001 ASL  00000061)
[    0.000000] ACPI: DSDT 0x000000001FFF0610 002353 (v02 VBOX   VBOXBIOS 00000002 INTL 20100528)
[    0.000000] ACPI: FACS 0x000000001FFF0200 000040
[    0.000000] ACPI: FACS 0x000000001FFF0200 000040
[    0.000000] ACPI: APIC 0x000000001FFF0240 000054 (v02 VBOX   VBOXAPIC 00000001 ASL  00000061)
[    0.000000] ACPI: SSDT 0x000000001FFF02A0 00036C (v01 VBOX   VBOXCPUT 00000002 INTL 20100528)
[    0.000000] ACPI: Reserving FACP table memory at [mem 0x1fff00f0-0x1fff01e3]
[    0.000000] ACPI: Reserving DSDT table memory at [mem 0x1fff0610-0x1fff2962]
[    0.000000] ACPI: Reserving FACS table memory at [mem 0x1fff0200-0x1fff023f]
[    0.000000] ACPI: Reserving FACS table memory at [mem 0x1fff0200-0x1fff023f]
[    0.000000] ACPI: Reserving APIC table memory at [mem 0x1fff0240-0x1fff0293]
[    0.000000] ACPI: Reserving SSDT table memory at [mem 0x1fff02a0-0x1fff060b]
[    0.000000] No NUMA configuration found
[    0.000000] Faking a node at [mem 0x0000000000000000-0x000000001ffeffff]
[    0.000000] NODE_DATA(0) allocated [mem 0x1ffc5000-0x1ffeffff]
[    0.000000] kvm-clock: cpu 0, msr 0:1ff44001, primary cpu clock
[    0.000000] kvm-clock: Using msrs 4b564d01 and 4b564d00
[    0.000000] kvm-clock: using sched offset of 3954362561 cycles
[    0.000000] clocksource: kvm-clock: mask: 0xffffffffffffffff max_cycles: 0x1cd42e4dffb, max_idle_ns: 881590591483 ns
[    0.000000] Zone ranges:
[    0.000000]   DMA      [mem 0x0000000000001000-0x0000000000ffffff]
[    0.000000]   DMA32    [mem 0x0000000001000000-0x000000001ffeffff]
[    0.000000]   Normal   empty
[    0.000000]   Device   empty
[    0.000000] Movable zone start for each node
[    0.000000] Early memory node ranges
[    0.000000]   node   0: [mem 0x0000000000001000-0x000000000009efff]
[    0.000000]   node   0: [mem 0x0000000000100000-0x000000001ffeffff]
[    0.000000] Reserved but unavailable: 104 pages
[    0.000000] Initmem setup node 0 [mem 0x0000000000001000-0x000000001ffeffff]
[    0.000000] ACPI: PM-Timer IO Port: 0x4008
[    0.000000] IOAPIC[0]: apic_id 1, version 32, address 0xfec00000, GSI 0-23
[    0.000000] ACPI: INT_SRC_OVR (bus 0 bus_irq 0 global_irq 2 dfl dfl)
[    0.000000] ACPI: INT_SRC_OVR (bus 0 bus_irq 9 global_irq 9 low level)
[    0.000000] Using ACPI (MADT) for SMP configuration information
[    0.000000] smpboot: Allowing 1 CPUs, 0 hotplug CPUs
[    0.000000] PM: Registered nosave memory: [mem 0x00000000-0x00000fff]
[    0.000000] PM: Registered nosave memory: [mem 0x0009f000-0x0009ffff]
[    0.000000] PM: Registered nosave memory: [mem 0x000a0000-0x000effff]
[    0.000000] PM: Registered nosave memory: [mem 0x000f0000-0x000fffff]
[    0.000000] e820: [mem 0x20000000-0xfebfffff] available for PCI devices
[    0.000000] Booting paravirtualized kernel on KVM
[    0.000000] clocksource: refined-jiffies: mask: 0xffffffff max_cycles: 0xffffffff, max_idle_ns: 7645519600211568 ns
[    0.000000] setup_percpu: NR_CPUS:8192 nr_cpumask_bits:1 nr_cpu_ids:1 nr_node_ids:1
[    0.000000] percpu: Embedded 50 pages/cpu s167936 r8192 d28672 u2097152
[    0.000000] PV qspinlock hash table entries: 256 (order: 0, 4096 bytes)
[    0.000000] Built 1 zonelists, mobility grouping on.  Total pages: 128889
[    0.000000] Policy zone: DMA32
[    0.000000] Kernel command line: BOOT_IMAGE=/boot/vmlinuz-4.15.0-213-generic root=UUID=f685bb41-0e3b-40c4-89c1-eea0f0583525 ro console=tty1 console=ttyS0
[    0.000000] Memory: 465880K/523832K available (12300K kernel code, 2477K rwdata, 4324K rodata, 2480K init, 2720K bss, 57952K reserved, 0K cma-reserved)
[    0.000000] SLUB: HWalign=64, Order=0-3, MinObjects=0, CPUs=1, Nodes=1
[    0.000000] ftrace: allocating 39508 entries in 155 pages
[    0.004000] Hierarchical RCU implementation.
[    0.004000] 	RCU restricting CPUs from NR_CPUS=8192 to nr_cpu_ids=1.
[    0.004000] 	Tasks RCU enabled.
[    0.004000] RCU: Adjusting geometry for rcu_fanout_leaf=16, nr_cpu_ids=1
[    0.004000] NR_IRQS: 524544, nr_irqs: 256, preallocated irqs: 16
[    0.004000] random: crng init done
[    0.004000] Console: colour VGA+ 80x25
[    0.004000] console [tty1] enabled
[    0.004000] console [ttyS0] enabled
[    0.004000] ACPI: Core revision 20170831
[    0.004000] ACPI: 2 ACPI AML tables successfully acquired and loaded
[    0.004000] APIC: Switch to symmetric I/O mode setup
[    0.004000] x2apic enabled
[    0.004000] Switched APIC routing to physical x2apic.
[    0.004000] ..TIMER: vector=0x30 apic1=0 pin1=2 apic2=-1 pin2=-1
[    0.004007] tsc: Detected 2111.996 MHz processor
[    0.004826] Calibrating delay loop (skipped) preset value.. 4223.99 BogoMIPS (lpj=8447984)
[    0.005304] pid_max: default: 32768 minimum: 301
[    0.006026] Security Framework initialized
[    0.008006] Yama: becoming mindful.
[    0.008597] AppArmor: AppArmor initialized
[    0.009585] Dentry cache hash table entries: 65536 (order: 7, 524288 bytes)
[    0.011315] Inode-cache hash table entries: 32768 (order: 6, 262144 bytes)
[    0.012047] Mount-cache hash table entries: 1024 (order: 1, 8192 bytes)
[    0.013386] Mountpoint-cache hash table entries: 1024 (order: 1, 8192 bytes)
[    0.014769] process: using mwait in idle threads
[    0.016011] Last level iTLB entries: 4KB 64, 2MB 8, 4MB 8
[    0.016895] Last level dTLB entries: 4KB 64, 2MB 0, 4MB 0, 1GB 4
[    0.018215] Spectre V1 : Mitigation: usercopy/swapgs barriers and __user pointer sanitization
[    0.019608] Spectre V2 : Mitigation: Retpolines
[    0.020004] Spectre V2 : Spectre v2 / SpectreRSB mitigation: Filling RSB on context switch
[    0.021364] Spectre V2 : Spectre v2 / SpectreRSB : Filling RSB on VMEXIT
[    0.022333] RETBleed: WARNING: Spectre v2 mitigation leaves CPU vulnerable to RETBleed attacks, data leaks possible!
[    0.024005] RETBleed: Vulnerable
[    0.024523] Speculative Store Bypass: Vulnerable
[    0.025420] MMIO Stale Data: Vulnerable: Clear CPU buffers attempted, no microcode
[    0.026897] SRBDS: Unknown: Dependent on hypervisor status
[    0.041375] Freeing SMP alternatives memory: 36K
[    0.152164] smpboot: CPU0: Intel(R) Core(TM) i5-10210U CPU @ 1.60GHz (family: 0x6, model: 0xa6, stepping: 0x0)
[    0.154177] Performance Events: unsupported p6 CPU model 166 no PMU driver, software events only.
[    0.156000] Hierarchical SRCU implementation.
[    0.156517] NMI watchdog: Perf event create on CPU 0 failed with -2
[    0.157488] NMI watchdog: Perf NMI watchdog permanently disabled
[    0.158769] smp: Bringing up secondary CPUs ...
[    0.160007] smp: Brought up 1 node, 1 CPU
[    0.160796] smpboot: Max logical packages: 1
[    0.161692] smpboot: Total of 1 processors activated (4223.99 BogoMIPS)
[    0.163079] devtmpfs: initialized
[    0.163936] x86/mm: Memory block size: 128MB
[    0.164139] evm: security.selinux
[    0.164653] evm: security.SMACK64
[    0.165173] evm: security.SMACK64EXEC
[    0.166050] evm: security.SMACK64TRANSMUTE
[    0.166656] evm: security.SMACK64MMAP
[    0.167372] evm: security.apparmor
[    0.168009] evm: security.ima
[    0.168494] evm: security.capability
[    0.169216] clocksource: jiffies: mask: 0xffffffff max_cycles: 0xffffffff, max_idle_ns: 7645041785100000 ns
[    0.170614] futex hash table entries: 256 (order: 2, 16384 bytes)
[    0.172030] pinctrl core: initialized pinctrl subsystem
[    0.172852] RTC time:  1:12:19, date: 10/05/23
[    0.173557] NET: Registered protocol family 16
[    0.174366] audit: initializing netlink subsys (disabled)
[    0.175434] audit: type=2000 audit(1696468344.924:1): state=initialized audit_enabled=0 res=1
[    0.176189] cpuidle: using governor ladder
[    0.177074] cpuidle: using governor menu
[    0.178155] ACPI: bus type PCI registered
[    0.179012] acpiphp: ACPI Hot Plug PCI Controller Driver version: 0.5
[    0.180140] PCI: Using configuration type 1 for base access
[    0.182618] HugeTLB registered 2.00 MiB page size, pre-allocated 0 pages
[    0.184192] ACPI: Added _OSI(Module Device)
[    0.184851] ACPI: Added _OSI(Processor Device)
[    0.185610] ACPI: Added _OSI(3.0 _SCP Extensions)
[    0.186387] ACPI: Added _OSI(Processor Aggregator Device)
[    0.188025] ACPI: Added _OSI(Linux-Dell-Video)
[    0.188993] ACPI: Added _OSI(Linux-Lenovo-NV-HDMI-Audio)
[    0.189773] ACPI: Added _OSI(Linux-HPI-Hybrid-Graphics)
[    0.191085] ACPI: Executed 1 blocks of module-level executable AML code
[    0.194859] ACPI: Interpreter enabled
[    0.196026] ACPI: (supports S0 S5)
[    0.196565] ACPI: Using IOAPIC for interrupt routing
[    0.197564] PCI: Using host bridge windows from ACPI; if necessary, use "pci=nocrs" and report a bug
[    0.199021] ACPI: Enabled 2 GPEs in block 00 to 07
[    0.205724] ACPI: PCI Root Bridge [PCI0] (domain 0000 [bus 00-ff])
[    0.206664] acpi PNP0A03:00: _OSC: OS supports [ASPM ClockPM Segments MSI]
[    0.208582] acpi PNP0A03:00: _OSC: not requesting OS control; OS requires [ExtendedConfig ASPM ClockPM MSI]
[    0.210516] acpi PNP0A03:00: fail to add MMCONFIG information, can't access extended PCI configuration space under this bridge.
[    0.212466] PCI host bridge to bus 0000:00
[    0.213217] pci_bus 0000:00: root bus resource [io  0x0000-0x0cf7 window]
[    0.216033] pci_bus 0000:00: root bus resource [io  0x0d00-0xffff window]
[    0.218109] pci_bus 0000:00: root bus resource [mem 0x000a0000-0x000bffff window]
[    0.220015] pci_bus 0000:00: root bus resource [mem 0x20000000-0xfdffffff window]
[    0.221256] pci_bus 0000:00: root bus resource [bus 00-ff]
[    0.224759] pci 0000:00:01.1: legacy IDE quirk: reg 0x10: [io  0x01f0-0x01f7]
[    0.226633] pci 0000:00:01.1: legacy IDE quirk: reg 0x14: [io  0x03f6]
[    0.227982] pci 0000:00:01.1: legacy IDE quirk: reg 0x18: [io  0x0170-0x0177]
[    0.228010] pci 0000:00:01.1: legacy IDE quirk: reg 0x1c: [io  0x0376]
[    0.242920] pci 0000:00:07.0: quirk: [io  0x4000-0x403f] claimed by PIIX4 ACPI
[    0.244104] pci 0000:00:07.0: quirk: [io  0x4100-0x410f] claimed by PIIX4 SMB
[    0.256803] ACPI: PCI Interrupt Link [LNKA] (IRQs 5 9 10 *11)
[    0.259138] ACPI: PCI Interrupt Link [LNKB] (IRQs 5 9 *10 11)
[    0.260212] ACPI: PCI Interrupt Link [LNKC] (IRQs 5 *9 10 11)
[    0.261885] ACPI: PCI Interrupt Link [LNKD] (IRQs 5 9 10 *11)
[    0.264524] SCSI subsystem initialized
[    0.265569] pci 0000:00:02.0: vgaarb: setting as boot VGA device
[    0.266450] pci 0000:00:02.0: vgaarb: VGA device added: decodes=io+mem,owns=io+mem,locks=none
[    0.267711] pci 0000:00:02.0: vgaarb: bridge control possible
[    0.268009] vgaarb: loaded
[    0.268524] ACPI: bus type USB registered
[    0.269278] usbcore: registered new interface driver usbfs
[    0.270059] usbcore: registered new interface driver hub
[    0.270821] usbcore: registered new device driver usb
[    0.272091] EDAC MC: Ver: 3.0.0
[    0.272818] PCI: Using ACPI for IRQ routing
[    0.273890] NetLabel: Initializing
[    0.274941] NetLabel:  domain hash size = 128
[    0.276009] NetLabel:  protocols = UNLABELED CIPSOv4 CALIPSO
[    0.276956] NetLabel:  unlabeled traffic allowed by default
[    0.278536] clocksource: Switched to clocksource kvm-clock
[    0.296713] VFS: Disk quotas dquot_6.6.0
[    0.297610] VFS: Dquot-cache hash table entries: 512 (order 0, 4096 bytes)
[    0.298803] AppArmor: AppArmor Filesystem Enabled
[    0.299505] pnp: PnP ACPI init
[    0.300865] pnp: PnP ACPI: found 3 devices
[    0.306864] clocksource: acpi_pm: mask: 0xffffff max_cycles: 0xffffff, max_idle_ns: 2085701024 ns
[    0.308368] NET: Registered protocol family 2
[    0.309066] IP idents hash table entries: 8192 (order: 4, 65536 bytes)
[    0.310170] TCP established hash table entries: 4096 (order: 3, 32768 bytes)
[    0.311194] TCP bind hash table entries: 4096 (order: 4, 65536 bytes)
[    0.312209] TCP: Hash tables configured (established 4096 bind 4096)
[    0.313207] UDP hash table entries: 256 (order: 1, 8192 bytes)
[    0.314015] UDP-Lite hash table entries: 256 (order: 1, 8192 bytes)
[    0.314981] NET: Registered protocol family 1
[    0.315617] pci 0000:00:00.0: Limiting direct PCI/PCI transfers
[    0.316498] pci 0000:00:01.0: Activating ISA DMA hang workarounds
[    0.317443] pci 0000:00:02.0: Video device with shadowed ROM at [mem 0x000c0000-0x000dffff]
[    0.318819] Unpacking initramfs...
[    0.694914] Freeing initrd memory: 20396K
[    0.695940] clocksource: tsc: mask: 0xffffffffffffffff max_cycles: 0x1e717485a72, max_idle_ns: 440795205496 ns
[    0.698293] platform rtc_cmos: registered platform RTC device (no PNP device found)
[    0.701090] Scanning for low memory corruption every 60 seconds
[    0.702994] Initialise system trusted keyrings
[    0.704043] Key type blacklist registered
[    0.705217] workingset: timestamp_bits=36 max_order=17 bucket_order=0
[    0.708188] zbud: loaded
[    0.709468] squashfs: version 4.0 (2009/01/31) Phillip Lougher
[    0.711007] fuse init (API version 7.26)
[    0.716710] Key type asymmetric registered
[    0.717812] Asymmetric key parser 'x509' registered
[    0.718741] Block layer SCSI generic (bsg) driver version 0.4 loaded (major 246)
[    0.720247] io scheduler noop registered
[    0.721273] io scheduler deadline registered
[    0.722462] io scheduler cfq registered (default)
[    0.723511] ACPI: AC Adapter [AC] (on-line)
[    0.724316] input: Power Button as /devices/LNXSYSTM:00/LNXPWRBN:00/input/input0
[    0.725604] ACPI: Power Button [PWRF]
[    0.726493] input: Sleep Button as /devices/LNXSYSTM:00/LNXSLPBN:00/input/input1
[    0.727748] ACPI: Sleep Button [SLPF]
[    0.729408] ACPI: Battery Slot [BAT0] (battery present)
[    0.730786] Serial: 8250/16550 driver, 32 ports, IRQ sharing enabled
[    0.752582] 00:02: ttyS0 at I/O 0x3f8 (irq = 4, base_baud = 115200) is a 16550A
[    0.755122] Linux agpgart interface v0.103
[    0.756994] loop: module loaded
[    0.758900] scsi host0: ata_piix
[    0.759929] scsi host1: ata_piix
[    0.760779] ata1: PATA max UDMA/33 cmd 0x1f0 ctl 0x3f6 bmdma 0xd000 irq 14
[    0.762381] ata2: PATA max UDMA/33 cmd 0x170 ctl 0x376 bmdma 0xd008 irq 15
[    0.764336] tun: Universal TUN/TAP device driver, 1.6
[    0.765439] PPP generic driver version 2.4.2
[    0.766437] ehci_hcd: USB 2.0 'Enhanced' Host Controller (EHCI) Driver
[    0.767721] ehci-pci: EHCI PCI platform driver
[    0.768890] ehci-platform: EHCI generic platform driver
[    0.769922] ohci_hcd: USB 1.1 'Open' Host Controller (OHCI) Driver
[    0.771189] ohci-pci: OHCI PCI platform driver
[    0.772180] ohci-platform: OHCI generic platform driver
[    0.773060] uhci_hcd: USB Universal Host Controller Interface driver
[    0.774096] i8042: PNP: PS/2 Controller [PNP0303:PS2K,PNP0f03:PS2M] at 0x60,0x64 irq 1,12
[    0.775928] serio: i8042 KBD port at 0x60,0x64 irq 1
[    0.776884] serio: i8042 AUX port at 0x60,0x64 irq 12
[    0.777973] mousedev: PS/2 mouse device common for all mice
[    0.779117] input: AT Translated Set 2 keyboard as /devices/platform/i8042/serio0/input/input2
[    0.780878] rtc_cmos rtc_cmos: rtc core: registered rtc_cmos as rtc0
[    0.781938] rtc_cmos rtc_cmos: alarms up to one day, 114 bytes nvram
[    0.782983] i2c /dev entries driver
[    0.783651] device-mapper: uevent: version 1.0.3
[    0.784669] device-mapper: ioctl: 4.37.0-ioctl (2017-09-20) initialised: dm-devel@redhat.com
[    0.785959] ledtrig-cpu: registered to indicate activity on CPUs
[    0.787087] NET: Registered protocol family 10
[    0.790873] Segment Routing with IPv6
[    0.791725] NET: Registered protocol family 17
[    0.792848] Key type dns_resolver registered
[    0.794268] mce: Using 0 MCE banks
[    0.795059] RAS: Correctable Errors collector initialized.
[    0.796010] sched_clock: Marking stable (792702603, 0)->(939694319, -146991716)
[    0.797399] registered taskstats version 1
[    0.798063] Loading compiled-in X.509 certificates
[    0.800754] Loaded X.509 cert 'Build time autogenerated kernel key: cdc7189136aaa35407544516090e2034d9c28e14'
[    0.802965] Loaded X.509 cert 'Canonical Ltd. Live Patch Signing: 14df34d1a87cf37625abec039ef2bf521249b969'
[    0.805365] Loaded X.509 cert 'Canonical Ltd. Kernel Module Signing: 88f752e560a1e0737e31163a466ad7b70a850c19'
[    0.807014] blacklist: Loading compiled-in revocation X.509 certificates
[    0.808383] Loaded X.509 cert 'Canonical Ltd. Secure Boot Signing: 61482aa2830d0ab2ad5af10b7250da9033ddcef0'
[    0.810244] Loaded X.509 cert 'Canonical Ltd. Secure Boot Signing (2017): 242ade75ac4a15e50d50c84b0d45ff3eae707a03'
[    0.811940] Loaded X.509 cert 'Canonical Ltd. Secure Boot Signing (ESM 2018): 365188c1d374d6b07c3c8f240f8ef722433d6a8b'
[    0.813614] Loaded X.509 cert 'Canonical Ltd. Secure Boot Signing (2019): c0746fd6c5da3ae827864651ad66ae47fe24b3e8'
[    0.815330] Loaded X.509 cert 'Canonical Ltd. Secure Boot Signing (2021 v1): a8d54bbb3825cfb94fa13c9f8a594a195c107b8d'
[    0.817239] Loaded X.509 cert 'Canonical Ltd. Secure Boot Signing (2021 v2): 4cf046892d6fd3c9a5b03f98d845f90851dc6a8c'
[    0.818785] Loaded X.509 cert 'Canonical Ltd. Secure Boot Signing (2021 v3): 100437bb6de6e469b581e61cd66bce3ef4ed53af'
[    0.820401] Loaded X.509 cert 'Canonical Ltd. Secure Boot Signing (Ubuntu Core 2019): c1d57b8f6b743f23ee41f4f7ee292f06eecadfb9'
[    0.822306] zswap: loaded using pool lzo/zbud
[    0.826644] Key type big_key registered
[    0.827259] Key type trusted registered
[    0.828969] Key type encrypted registered
[    0.829639] AppArmor: AppArmor sha1 policy hashing enabled
[    0.830502] ima: No TPM chip found, activating TPM-bypass! (rc=-19)
[    0.831498] ima: Allocated hash algorithm: sha1
[    0.832330] evm: HMAC attrs: 0x1
[    0.833235]   Magic number: 11:669:204
[    0.833970] rtc_cmos rtc_cmos: setting system clock to 2023-10-05 01:12:19 UTC (1696468339)
[    0.835289] BIOS EDD facility v0.16 2004-Jun-25, 0 devices found
[    0.836196] EDD information not available.
[    0.946659] Freeing unused kernel image memory: 2480K
[    0.956653] Write protecting the kernel read-only data: 20480k
[    0.958212] Freeing unused kernel image memory: 2008K
[    0.959715] Freeing unused kernel image memory: 1820K
[    0.967193] x86/mm: Checked W+X mappings: passed, no W+X pages found.
Loading, please wait...
starting version 237
[    1.046646] e1000: Intel(R) PRO/1000 Network Driver - version 7.3.21-k8-NAPI
[    1.048019] e1000: Copyright (c) 1999-2006 Intel Corporation.
[    1.050782] Fusion MPT base driver 3.04.20
[    1.051378] Copyright (c) 1999-2008 LSI Corporation
[    1.072939] Fusion MPT SPI Host driver 3.04.20
[    1.075806] AVX2 version of gcm_enc/dec engaged.
[    1.076684] AES CTR mode by8 optimization enabled
[    1.258311] input: ImExPS/2 Generic Explorer Mouse as /devices/platform/i8042/serio1/input/input4
[    1.501787] e1000 0000:00:03.0 eth0: (PCI:33MHz:32-bit) 02:3b:7b:b7:3b:2d
[    1.503052] e1000 0000:00:03.0 eth0: Intel(R) PRO/1000 Network Connection
[    1.506321] mptbase: ioc0: Initiating bringup
[    1.612963] ioc0: LSI53C1030 A0: Capabilities={Initiator}
[    1.859024] scsi host2: ioc0: LSI53C1030 A0, FwRev=00000000h, Ports=1, MaxQ=256, IRQ=20
[    2.028686] scsi 2:0:0:0: Direct-Access     VBOX     HARDDISK         1.0  PQ: 0 ANSI: 5
[    2.031151] scsi target2:0:0: Beginning Domain Validation
[    2.033843] scsi target2:0:0: Domain Validation skipping write tests
[    2.034701] scsi target2:0:0: Ending Domain Validation
[    2.035516] scsi target2:0:0: asynchronous
[    2.036351] scsi 2:0:1:0: Direct-Access     VBOX     HARDDISK         1.0  PQ: 0 ANSI: 5
[    2.037520] scsi target2:0:1: Beginning Domain Validation
[    2.039424] scsi target2:0:1: Domain Validation skipping write tests
[    2.040415] scsi target2:0:1: Ending Domain Validation
[    2.041325] scsi target2:0:1: asynchronous
[    2.045165] sd 2:0:0:0: [sda] 83886080 512-byte logical blocks: (42.9 GB/40.0 GiB)
[    2.046516] sd 2:0:0:0: [sda] Write Protect is off
[    2.047220] sd 2:0:0:0: Attached scsi generic sg0 type 0
[    2.048280] sd 2:0:0:0: [sda] Incomplete mode parameter data
[    2.049059] sd 2:0:0:0: [sda] Assuming drive cache: write through
[    2.050646] sd 2:0:1:0: [sdb] 20480 512-byte logical blocks: (10.5 MB/10.0 MiB)
[    2.051658] sd 2:0:1:0: [sdb] Write Protect is off
[    2.052545] sd 2:0:1:0: [sdb] Incomplete mode parameter data
[    2.053336] sd 2:0:1:0: [sdb] Assuming drive cache: write through
[    2.054525] sd 2:0:1:0: Attached scsi generic sg1 type 0
[    2.171979]  sda: sda1
[    2.191048] sd 2:0:0:0: [sda] Attached SCSI disk
[    2.210725] sd 2:0:1:0: [sdb] Attached SCSI disk
[    2.440122] e1000 0000:00:08.0 eth1: (PCI:33MHz:32-bit) 08:00:27:b1:b7:b6
[    2.441605] e1000 0000:00:08.0 eth1: Intel(R) PRO/1000 Network Connection
[    2.443356] e1000 0000:00:03.0 enp0s3: renamed from eth0
[    2.445475] e1000 0000:00:08.0 enp0s8: renamed from eth1
Begin: Loading essential drivers ... [    3.932114] raid6: sse2x1   gen() 11582 MB/s
[    3.980040] raid6: sse2x1   xor()  7078 MB/s
[    4.028063] raid6: sse2x2   gen() 14246 MB/s
[    4.076109] raid6: sse2x2   xor()  9492 MB/s
[    4.124087] raid6: sse2x4   gen() 15082 MB/s
[    4.172056] raid6: sse2x4   xor()  7924 MB/s
[    4.220129] raid6: avx2x1   gen() 21966 MB/s
[    4.268057] raid6: avx2x1   xor() 13699 MB/s
[    4.316083] raid6: avx2x2   gen() 24237 MB/s
[    4.364080] raid6: avx2x2   xor() 17487 MB/s
[    4.412038] raid6: avx2x4   gen() 26348 MB/s
[    4.460083] raid6: avx2x4   xor() 11510 MB/s
[    4.460726] raid6: using algorithm avx2x4 gen() 26348 MB/s
[    4.461512] raid6: .... xor() 11510 MB/s, rmw enabled
[    4.462251] raid6: using avx2x2 recovery algorithm
[    4.464766] xor: automatically using best checksumming function   avx       
[    4.467142] async_tx: api initialized (async)
done.
Begin: Running /scripts/init-premount ... done.
Begin: Mounting root file system ... Begin: Running /scripts/local-top ... done.
Begin: Running /scripts/local-premount ... [    4.516082] Btrfs loaded, crc32c=crc32c-intel
Scanning for Btrfs filesystems
done.
Begin: Will now check root file system ... fsck from util-linux 2.31.1
[/sbin/fsck.ext4 (1) -- /dev/sda1] fsck.ext4 -a -C0 /dev/sda1 
cloudimg-rootfs: clean, 99338/5120000 files, 748414/10485499 blocks
done.
[    4.576334] EXT4-fs (sda1): mounted filesystem with ordered data mode. Opts: (null)
done.
Begin: Running /scripts/local-bottom ... done.
Begin: Running /scripts/init-bottom ... done.
[    5.442375] ip_tables: (C) 2000-2006 Netfilter Core Team
[    5.499069] systemd[1]: systemd 237 running in system mode. (+PAM +AUDIT +SELINUX +IMA +APPARMOR +SMACK +SYSVINIT +UTMP +LIBCRYPTSETUP +GCRYPT +GNUTLS +ACL +XZ +LZ4 +SECCOMP +BLKID +ELFUTILS +KMOD -IDN2 +IDN -PCRE2 default-hierarchy=hybrid)
[    5.503008] systemd[1]: Detected virtualization oracle.
[    5.503805] systemd[1]: Detected architecture x86-64.

Welcome to [1mUbuntu 18.04.6 LTS[0m!

[    5.517095] systemd[1]: Set hostname to <ubuntu-bionic>.
[    6.486696] systemd[1]: Reached target System Time Synchronized.
[[0;32m  OK  [0m] Reached target System Time Synchronized.
[    6.488427] systemd[1]: Reached target Swap.
[[0;32m  OK  [0m] Reached target Swap.
[    6.489622] systemd[1]: Set up automount Arbitrary Executable File Formats File System Automount Point.
[[0;32m  OK  [0m] Set up automount Arbitrary Executab…rmats File System Automount Point.
[    6.491737] systemd[1]: Started Forward Password Requests to Wall Directory Watch.
[[0;32m  OK  [0m] Started Forward Password Requests to Wall Directory Watch.
[    6.493817] systemd[1]: Reached target User and Group Name Lookups.
[[0;32m  OK  [0m] Reached target User and Group Name Lookups.
[    6.495498] systemd[1]: Reached target Mounting snaps.
[[0;32m  OK  [0m] Reached target Mounting snaps.
[[0;32m  OK  [0m] Reached target Mounted snaps.
[[0;32m  OK  [0m] Created slice System Slice.
[[0;32m  OK  [0m] Created slice system-serial\x2dgetty.slice.
[[0;32m  OK  [0m] Listening on Device-mapper event daemon FIFOs.
[[0;32m  OK  [0m] Listening on LVM2 metadata daemon socket.
[[0;32m  OK  [0m] Listening on Syslog Socket.
[[0;32m  OK  [0m] Listening on Network Service Netlink Socket.
[[0;32m  OK  [0m] Listening on /dev/initctl Compatibility Named Pipe.
[[0;32m  OK  [0m] Listening on Journal Socket.
         Starting Uncomplicated firewall...
         Mounting POSIX Message Queue File System...
[[0;32m  OK  [0m] Listening on LVM2 poll daemon socket.
[[0;32m  OK  [0m] Listening on fsck to fsckd communication Socket.
         Starting Create list of required st…ce nodes for the current kernel...
         Mounting Huge Pages File System...
         Starting Remount Root and Kernel File Systems...
         Starting Monitoring of LVM2 mirrors…ng dmeventd or progress polling...
         Starting Set the console keyboard layout...
         Starting Load Kernel Modules...
[[0;32m  OK  [0m] Listening on udev Kernel Socket.
[[0;32m  OK  [0m] Listening on Journal Audit Socket.
         Mounting Kernel Debug File System...
[[0;32m  OK  [0m] Created slice User and Session Slice.
[[0;32m  OK  [0m] Reached target Slices.
[[0;32m  OK  [0m] Listening on Journal Socket (/dev/log).
         Starting Journal Service...
[[0;32m  OK  [0m] Listening on udev Control Socket.
         Starting udev Coldplug all Devices...
[[0;32m  OK  [0m] Started Uncomplicated firewall.
[[0;32m  OK  [0m] Mounted POSIX Message Queue File System.
[[0;32m  OK  [0m] Started Create list of required sta…vice nodes for the current kernel.
[    6.677096] EXT4-fs (sda1): re-mounted. Opts: (null)
[[0;32m  OK  [0m] Mounted Huge Pages File System.
[[0;32m  OK  [0m] Started Remount Root and Kernel File Systems.
[[0;32m  OK  [0m] Mounted Kernel Debug File System.
[    6.733274] Loading iSCSI transport class v2.0-870.
         Starting Load/Save Random Seed...
         Starting Create Static Device Nodes in /dev...
[[0;32m  OK  [0m] Started Journal Service.
[[0;32m  OK  [0m] Started LVM2 metadata daemon.
[    6.830546] iscsi: registered transport (tcp)
         Starting Flush Journal to Persistent Storage...
[[0;32m  OK  [0m] Started udev Coldplug all Devices.
[[0;32m  OK  [0m] Started Load/Save Random Seed.
[[0;32m  OK  [0m] Started Create Static Device Nodes in /dev.
         Starting udev Kernel Device Manager...
[    6.945098] systemd-journald[421]: Received request to flush runtime journal from PID 1
[[0;32m  OK  [0m] Started Set the console keyboard layout.
[    7.134441] iscsi: registered transport (iser)
[[0;32m  OK  [0m] Started Load Kernel Modules.
         Mounting Kernel Configuration File System...
         Starting Apply Kernel Variables...
         Mounting FUSE Control File System...
[[0;32m  OK  [0m] Mounted FUSE Control File System.
[[0;32m  OK  [0m] Mounted Kernel Configuration File System.
[[0;32m  OK  [0m] Started Monitoring of LVM2 mirrors,…sing dmeventd or progress polling.
[[0;32m  OK  [0m] Reached target Local File Systems (Pre).
[[0;32m  OK  [0m] Reached target Local File Systems.
         Starting AppArmor initialization...
         Starting Tell Plymouth To Write Out Runtime Data...
         Starting Set console font and keymap...
         Starting ebtables ruleset management...
[[0;32m  OK  [0m] Started udev Kernel Device Manager.
[[0;32m  OK  [0m] Started Dispatch Password Requests to Console Directory Watch.
[[0;32m  OK  [0m] Reached target Local Encrypted Volumes.
[[0;32m  OK  [0m] Started Set console font and keymap.
[[0;32m  OK  [0m] Started Tell Plymouth To Write Out Runtime Data.
[[0;32m  OK  [0m] Started Apply Kernel Variables.
[[0;32m  OK  [0m] Started Flush Journal to Persistent Storage.
         Starting Create Volatile Files and Directories...
[[0;32m  OK  [0m] Found device /dev/ttyS0.
[[0;32m  OK  [0m] Started ebtables ruleset management.
[[0;32m  OK  [0m] Started Create Volatile Files and Directories.
         Starting Update UTMP about System Boot/Shutdown...
[[0;32m  OK  [0m] Started Update UTMP about System Boot/Shutdown.
[[0;32m  OK  [0m] Listening on Load/Save RF Kill Switch Status /dev/rfkill Watch.
[[0;32m  OK  [0m] Started AppArmor initialization.
         Starting Load AppArmor profiles managed internally by snapd...
         Starting Initial cloud-init job (pre-networking)...
         Mounting Arbitrary Executable File Formats File System...
[[0;32m  OK  [0m] Mounted Arbitrary Executable File Formats File System.
[[0;32m  OK  [0m] Started Load AppArmor profiles managed internally by snapd.
[   11.641502] cloud-init[564]: Cloud-init v. 23.1.2-0ubuntu0~18.04.1 running 'init-local' at Thu, 05 Oct 2023 01:12:29 +0000. Up 11.26 seconds.
[[0;32m  OK  [0m] Started Initial cloud-init job (pre-networking).
[[0;32m  OK  [0m] Reached target Network (Pre).
         Starting Network Service...
[[0;32m  OK  [0m] Started Network Service.
         Starting Network Name Resolution...
         Starting Wait for Network to be Configured...
[[0;32m  OK  [0m] Started Network Name Resolution.
[[0;32m  OK  [0m] Reached target Network.
[[0;32m  OK  [0m] Reached target Host and Network Name Lookups.
[[0;32m  OK  [0m] Started Wait for Network to be Configured.
         Starting Initial cloud-init job (metadata service crawler)...
[   14.239795] cloud-init[687]: Cloud-init v. 23.1.2-0ubuntu0~18.04.1 running 'init' at Thu, 05 Oct 2023 01:12:32 +0000. Up 14.08 seconds.
[   14.252357] cloud-init[687]: ci-info: ++++++++++++++++++++++++++++++++++++++Net device info+++++++++++++++++++++++++++++++++++++++
[   14.264232] cloud-init[687]: ci-info: +--------+------+-----------------------------+---------------+--------+-------------------+
[   14.264999] cloud-init[687]: ci-info: | Device |  Up  |           Address           |      Mask     | Scope  |     Hw-Address    |
[   14.265651] cloud-init[687]: ci-info: +--------+------+-----------------------------+---------------+--------+-------------------+
[   14.266828] cloud-init[687]: ci-info: | enp0s3 | True |          10.0.2.15          | 255.255.255.0 | global | 02:3b:7b:b7:3b:2d |
[   14.268080] cloud-init[687]: ci-info: | enp0s3 | True |  fe80::3b:7bff:feb7:3b2d/64 |       .       |  link  | 02:3b:7b:b7:3b:2d |
[   14.269409] cloud-init[687]: ci-info: | enp0s8 | True |         192.168.56.7        | 255.255.255.0 | global | 08:00:27:b1:b7:b6 |
[   14.271046] cloud-init[687]: ci-info: | enp0s8 | True | fe80::a00:27ff:feb1:b7b6/64 |       .       |  link  | 08:00:27:b1:b7:b6 |
[   14.275217] cloud-init[687]: ci-info: |   lo   | True |          127.0.0.1          |   255.0.0.0   |  host  |         .         |
[   14.276249] cloud-init[687]: ci-info: |   lo   | True |           ::1/128           |       .       |  host  |         .         |
[   14.277466] cloud-init[687]: ci-info: +--------+------+-----------------------------+---------------+--------+-------------------+
[   14.280260] cloud-init[687]: ci-info: +++++++++++++++++++++++++++++Route IPv4 info+++++++++++++++++++++++++++++
[   14.282093] cloud-init[687]: ci-info: +-------+--------------+----------+-----------------+-----------+-------+
[   14.284167] cloud-init[687]: ci-info: | Route | Destination  | Gateway  |     Genmask     | Interface | Flags |
[   14.286465] cloud-init[687]: ci-info: +-------+--------------+----------+-----------------+-----------+-------+
[   14.287745] cloud-init[687]: ci-info: |   0   |   0.0.0.0    | 10.0.2.2 |     0.0.0.0     |   enp0s3  |   UG  |
[   14.290803] cloud-init[687]: ci-info: |   1   |   10.0.2.0   | 0.0.0.0  |  255.255.255.0  |   enp0s3  |   U   |
[   14.292167] cloud-init[687]: ci-info: |   2   |   10.0.2.2   | 0.0.0.0  | 255.255.255.255 |   enp0s3  |   UH  |
[   14.295920] cloud-init[687]: ci-info: |   3   | 192.168.56.0 | 0.0.0.0  |  255.255.255.0  |   enp0s8  |   U   |
[   14.297129] cloud-init[687]: ci-info: +-------+--------------+----------+-----------------+-----------+-------+
[   14.298415] cloud-init[687]: ci-info: +++++++++++++++++++Route IPv6 info+++++++++++++++++++
[   14.300773] cloud-init[687]: ci-info: +-------+-------------+---------+-----------+-------+
[   14.303487] cloud-init[687]: ci-info: | Route | Destination | Gateway | Interface | Flags |
[   14.308394] cloud-init[687]: ci-info: +-------+-------------+---------+-----------+-------+
[   14.309405] cloud-init[687]: ci-info: |   1   |  fe80::/64  |    ::   |   enp0s3  |   U   |
[   14.310511] cloud-init[687]: ci-info: |   2   |  fe80::/64  |    ::   |   enp0s8  |   U   |
[   14.311462] cloud-init[687]: ci-info: |   4   |    local    |    ::   |   enp0s3  |   U   |
[   14.313153] cloud-init[687]: ci-info: |   5   |    local    |    ::   |   enp0s8  |   U   |
[   14.324611] cloud-init[687]: ci-info: |   6   |   ff00::/8  |    ::   |   enp0s3  |   U   |
[   14.325630] cloud-init[687]: ci-info: |   7   |   ff00::/8  |    ::   |   enp0s8  |   U   |
[   14.326656] cloud-init[687]: ci-info: +-------+-------------+---------+-----------+-------+
[[0;32m  OK  [0m] Started Initial cloud-init job (metadata service crawler).
[[0;32m  OK  [0m] Reached target Network is Online.
[[0;32m  OK  [0m] Reached target Remote File Systems (Pre).
         Starting Availability of block devices...
         Mounting /vagrant...
[[0;32m  OK  [0m] Reached target System Initialization.
[[0;32m  OK  [0m] Listening on UUID daemon activation socket.
[[0;32m  OK  [0m] Started Discard unused blocks once a week.
[[0;32m  OK  [0m] Started Daily Cleanup of Temporary Directories.
[[0;32m  OK  [0m] Listening on D-Bus System Message Bus Socket.
[[0;32m  OK  [0m] Started ACPI Events Check.
[[0;32m  OK  [0m] Listening on ACPID Listen Socket.
[[0;32m  OK  [0m] Listening on Open-iSCSI iscsid Socket.
         Starting Socket activation for snappy daemon.
[[0;32m  OK  [0m] Started Daily apt download activities.
         Starting LXD - unix socket.
[[0;32m  OK  [0m] Listening on cloud-init hotplug hook socket.
[[0;32m  OK  [0m] Started Daily apt upgrade and clean activities.
[[0;32m  OK  [0m] Started Ubuntu Advantage Timer for running repeated jobs.
[[0;32m  OK  [0m] Reached target Paths.
[[0;32m  OK  [0m] Started Message of the Day.
[[0;32m  OK  [0m] Reached target Timers.
[[0;32m  OK  [0m] Reached target Cloud-config availability.
[[0;32m  OK  [0m] Started Availability of block devices.
[[0;32m  OK  [0m] Mounted /vagrant.
[[0;32m  OK  [0m] Listening on Socket activation for snappy daemon.
[[0;32m  OK  [0m] Listening on LXD - unix socket.
[[0;32m  OK  [0m] Reached target Sockets.
[[0;32m  OK  [0m] Reached target Basic System.
[[0;32m  OK  [0m] Started Regular background program processing daemon.
         Starting Accounts Service...
         Starting Login Service...
         Starting Dispatcher daemon for systemd-networkd...
[[0;32m  OK  [0m] Reached target Login Prompts (Pre).
         Starting LSB: Record successful boot for GRUB...
[[0;32m  OK  [0m] Started D-Bus System Message Bus.
[[0;32m  OK  [0m] Started Login Service.
         Starting Virtualbox guest utils...
         Starting Discard unused blocks...
[[0;32m  OK  [0m] Started FUSE filesystem for LXC.
         Starting LXD - container startup/shutdown...
         Starting A high performance web server and a reverse proxy server...
[[0;32m  OK  [0m] Started irqbalance daemon.
         Starting System Logging Service...
         Starting OpenBSD Secure Shell server...
[[0;32m  OK  [0m] Started Unattended Upgrades Shutdown.
         Starting Message of the Day...
[[0;32m  OK  [0m] Started Deferred execution scheduler.
         Starting Snap Daemon...
[[0;32m  OK  [0m] Reached target Remote File Systems.
         Starting LSB: automatic crash report generation...
         Starting Permit User Sessions...
[[0;32m  OK  [0m] Started System Logging Service.
[[0;32m  OK  [0m] Started Discard unused blocks.
[[0;32m  OK  [0m] Started Permit User Sessions.
         Starting Terminate Plymouth Boot Screen...
         Starting Hold until boot process finishes up...
         Starting Authorization Manager...
[[0;32m  OK  [0m] Started Terminate Plymouth Boot Screen.
[[0;32m  OK  [0m] Started Hold until boot process finishes up.
[[0;32m  OK  [0m] Started Serial Getty on ttyS0.
         Starting Set console scheme...
[[0;32m  OK  [0m] Started LSB: Record successful boot for GRUB.
[[0;32m  OK  [0m] Started Set console scheme.
[[0;32m  OK  [0m] Created slice system-getty.slice.
[[0;32m  OK  [0m] Started Getty on tty1.
[[0;32m  OK  [0m] Reached target Login Prompts.
[[0;32m  OK  [0m] Started LSB: automatic crash report generation.
[[0;32m  OK  [0m] Started Authorization Manager.
[[0;32m  OK  [0m] Started Accounts Service.
[[0;32m  OK  [0m] Started OpenBSD Secure Shell server.
[[0;32m  OK  [0m] Started Virtualbox guest utils.
[[0;32m  OK  [0m] Started Dispatcher daemon for systemd-networkd.
[[0;32m  OK  [0m] Started A high performance web server and a reverse proxy server.
[[0;32m  OK  [0m] Started LXD - container startup/shutdown.
[[0;32m  OK  [0m] Started Snap Daemon.
         Starting Time & Date Service...
         Starting Wait until snapd is fully seeded...
[[0;32m  OK  [0m] Started Time & Date Service.
[[0;32m  OK  [0m] Started Wait until snapd is fully seeded.
         Starting Apply the settings specified in cloud-config...
[   19.419335] cloud-init[1263]: Cloud-init v. 23.1.2-0ubuntu0~18.04.1 running 'modules:config' at Thu, 05 Oct 2023 01:12:37 +0000. Up 19.29 seconds.
[[0;32m  OK  [0m] Started Apply the settings specified in cloud-config.
[[0;32m  OK  [0m] Reached target Multi-User System.
         Starting Execute cloud user/final scripts...
[[0;32m  OK  [0m] Reached target Graphical Interface.
         Starting Update UTMP about System Runlevel Changes...
[[0;32m  OK  [0m] Started Update UTMP about System Runlevel Changes.
[[0;32m  OK  [0m] Started Message of the Day.
[   20.090824] cloud-init[1295]: Cloud-init v. 23.1.2-0ubuntu0~18.04.1 running 'modules:final' at Thu, 05 Oct 2023 01:12:38 +0000. Up 19.90 seconds.
[   20.100289] cloud-init[1295]: Cloud-init v. 23.1.2-0ubuntu0~18.04.1 finished at Thu, 05 Oct 2023 01:12:38 +0000. Datasource DataSourceNoCloud [seed=/dev/sdb][dsmode=net].  Up 20.05 seconds
[[0;32m  OK  [0m] Started Execute cloud user/final scripts.
         Starting Daily apt download activities...
[[0;32m  OK  [0m] Reached target Cloud-init target.

Ubuntu 18.04.6 LTS ubuntu-bionic ttyS0

ubuntu-bionic login: [[0;32m  OK  [0m] Stopped Unattended Upgrades Shutdown.
         Stopping Session 6 of user vagrant.
[[0;32m  OK  [0m] Stopped target Cloud-init target.
[[0;32m  OK  [0m] Stopped target Host and Network Name Lookups.
[[0;32m  OK  [0m] Stopped target Timers.
[[0;32m  OK  [0m] Stopped Ubuntu Advantage Timer for running repeated jobs.
         Stopping Authorization Manager...
[[0;32m  OK  [0m] Stopped target Graphical Interface.
[[0;32m  OK  [0m] Stopped Discard unused blocks once a week.
[[0;32m  OK  [0m] Stopped Message of the Day.
[[0;32m  OK  [0m] Stopped Daily apt upgrade and clean activities.
[[0;32m  OK  [0m] Stopped Daily apt download activities.
[[0;32m  OK  [0m] Stopped target System Time Synchronized.
         Stopping User Manager for UID 1000...
[[0;32m  OK  [0m] Stopped Daily Cleanup of Temporary Directories.
[[0;32m  OK  [0m] Stopped Execute cloud user/final scripts.
[[0;32m  OK  [0m] Stopped target Multi-User System.
         Stopping Dispatcher daemon for systemd-networkd...
         Stopping OpenBSD Secure Shell server...
         Stopping FUSE filesystem for LXC...
[[0;32m  OK  [0m] Stopped target Login Prompts.
         Stopping Serial Getty on ttyS0...
         Stopping Getty on tty1...
         Stopping LXD - container startup/shutdown...
         Stopping D-Bus System Message Bus...
         Stopping Virtualbox guest utils...
         Stopping LSB: automatic crash report generation...
         Stopping Deferred execution scheduler...
         Stopping Regular background program processing daemon...
[[0;32m  OK  [0m] Stopped Apply the settings specified in cloud-config.
[[0;32m  OK  [0m] Stopped Wait until snapd is fully seeded.
[[0;32m  OK  [0m] Stopped target Cloud-config availability.
[[0;32m  OK  [0m] Closed Load/Save RF Kill Switch Status /dev/rfkill Watch.
         Stopping LSB: Record successful boot for GRUB...
         Stopping A high performance web server and a reverse proxy server...
         Stopping Availability of block devices...
         Stopping System Logging Service...
         Stopping Accounts Service...
[[0;32m  OK  [0m] Unmounted /var/lib/lxcfs.
[[0;32m  OK  [0m] Stopped Regular background program processing daemon.
[[0;32m  OK  [0m] Stopped Dispatcher daemon for systemd-networkd.
[[0;32m  OK  [0m] Stopped Deferred execution scheduler.
[[0;32m  OK  [0m] Stopped Authorization Manager.
[[0;32m  OK  [0m] Stopped Accounts Service.
[[0;32m  OK  [0m] Stopped Serial Getty on ttyS0.
[[0;32m  OK  [0m] Stopped Getty on tty1.
[[0;32m  OK  [0m] Stopped OpenBSD Secure Shell server.
[[0;32m  OK  [0m] Stopped User Manager for UID 1000.
[[0;32m  OK  [0m] Stopped D-Bus System Message Bus.
[[0;32m  OK  [0m] Stopped Session 6 of user vagrant.
[[0;32m  OK  [0m] Removed slice User Slice of vagrant.
         Stopping Login Service...
[[0;32m  OK  [0m] Removed slice system-getty.slice.
         Stopping Permit User Sessions...
[[0;32m  OK  [0m] Removed slice system-serial\x2dgetty.slice.
[[0;32m  OK  [0m] Stopped target Login Prompts (Pre).
[[0;32m  OK  [0m] Stopped Login Service.
[[0;32m  OK  [0m] Stopped LXD - container startup/shutdown.
[[0;32m  OK  [0m] Stopped A high performance web server and a reverse proxy server.
[[0;32m  OK  [0m] Stopped System Logging Service.
[[0;32m  OK  [0m] Stopped FUSE filesystem for LXC.
[[0;32m  OK  [0m] Stopped Permit User Sessions.
[[0;32m  OK  [0m] Stopped target User and Group Name Lookups.
[[0;32m  OK  [0m] Stopped Availability of block devices.
[[0;32m  OK  [0m] Stopped LSB: Record successful boot for GRUB.
[[0;32m  OK  [0m] Stopped LSB: automatic crash report generation.
[[0;32m  OK  [0m] Stopped target Remote File Systems.
         Unmounting /vagrant...
[[0;32m  OK  [0m] Unmounted /vagrant.
[[0;32m  OK  [0m] Stopped Virtualbox guest utils.
[[0;32m  OK  [0m] Stopped target Basic System.
[[0;32m  OK  [0m] Stopped target Slices.
[[0;32m  OK  [0m] Removed slice User and Session Slice.
[[0;32m  OK  [0m] Stopped target Sockets.
[[0;32m  OK  [0m] Closed ACPID Listen Socket.
[[0;32m  OK  [0m] Closed cloud-init hotplug hook socket.
[[0;32m  OK  [0m] Closed Open-iSCSI iscsid Socket.
[[0;32m  OK  [0m] Closed Syslog Socket.
[[0;32m  OK  [0m] Closed UUID daemon activation socket.
[[0;32m  OK  [0m] Closed D-Bus System Message Bus Socket.
[[0;32m  OK  [0m] Closed LXD - unix socket.
[[0;32m  OK  [0m] Closed Socket activation for snappy daemon.
[[0;32m  OK  [0m] Stopped target Paths.
[[0;32m  OK  [0m] Stopped ACPI Events Check.
[[0;32m  OK  [0m] Stopped target System Initialization.
         Stopping Load/Save Random Seed...
         Stopping Update UTMP about System Boot/Shutdown...
[[0;32m  OK  [0m] Stopped target Local Encrypted Volumes.
[[0;32m  OK  [0m] Stopped Forward Password Requests to Wall Directory Watch.
[[0;32m  OK  [0m] Stopped Dispatch Password Requests to Console Directory Watch.
[[0;32m  OK  [0m] Stopped target Network is Online.
[[0;32m  OK  [0m] Stopped target Network.
         Stopping Network Name Resolution...
[[0;32m  OK  [0m] Stopped Initial cloud-init job (metadata service crawler).
[[0;32m  OK  [0m] Stopped target Remote File Systems (Pre).
[[0;32m  OK  [0m] Stopped Network Name Resolution.
[[0;32m  OK  [0m] Stopped Load/Save Random Seed.
         Stopping Network Service...
[[0;32m  OK  [0m] Stopped Update UTMP about System Boot/Shutdown.
[[0;32m  OK  [0m] Stopped Create Volatile Files and Directories.
[[0;32m  OK  [0m] Stopped target Local File Systems.
[[0;32m  OK  [0m] Stopped target Mounted snaps.
[[0;32m  OK  [0m] Stopped target Mounting snaps.
         Unmounting /run/user/1000...
[[0;32m  OK  [0m] Stopped Network Service.
[[0;32m  OK  [0m] Unmounted /run/user/1000.
[[0;32m  OK  [0m] Reached target Unmount All Filesystems.
[[0;32m  OK  [0m] Stopped target Swap.
[[0;32m  OK  [0m] Stopped target Local File Systems (Pre).
         Stopping Monitoring of LVM2 mirrors…ng dmeventd or progress polling...
[[0;32m  OK  [0m] Stopped Create Static Device Nodes in /dev.
[[0;32m  OK  [0m] Stopped target Network (Pre).
[[0;32m  OK  [0m] Stopped Initial cloud-init job (pre-networking).
[[0;32m  OK  [0m] Stopped Remount Root and Kernel File Systems.
[[0;32m  OK  [0m] Stopped Apply Kernel Variables.
[[0;32m  OK  [0m] Stopped Load Kernel Modules.
[[0;32m  OK  [0m] Reached target Shutdown.
[[0;32m  OK  [0m] Reached target Final Step.
         Starting Power-Off...
[ 1498.840015] reboot: Power down
